0 info it worked if it ends with ok
1 verbose cli [ 'node', '/usr/local/bin/npm', 'install', '-g', 'regenerator' ]
2 info using npm@1.4.28
3 info using node@v0.10.32
4 verbose cache add [ 'regenerator', null ]
5 verbose cache add name=undefined spec="regenerator" args=["regenerator",null]
6 verbose parsed url { protocol: null,
6 verbose parsed url   slashes: null,
6 verbose parsed url   auth: null,
6 verbose parsed url   host: null,
6 verbose parsed url   port: null,
6 verbose parsed url   hostname: null,
6 verbose parsed url   hash: null,
6 verbose parsed url   search: null,
6 verbose parsed url   query: null,
6 verbose parsed url   pathname: 'regenerator',
6 verbose parsed url   path: 'regenerator',
6 verbose parsed url   href: 'regenerator' }
7 silly lockFile 034314bb-regenerator regenerator
8 verbose lock regenerator /Users/dpletter/.npm/034314bb-regenerator.lock
9 silly lockFile 034314bb-regenerator regenerator
10 silly lockFile 034314bb-regenerator regenerator
11 verbose addNamed [ 'regenerator', '' ]
12 verbose addNamed [ null, '*' ]
13 silly lockFile dc67e541-regenerator regenerator@
14 verbose lock regenerator@ /Users/dpletter/.npm/dc67e541-regenerator.lock
15 silly addNameRange { name: 'regenerator', range: '*', hasData: false }
16 verbose request where is /regenerator
17 verbose request registry https://registry.npmjs.org/
18 verbose request id 1751e077501f1324
19 verbose url raw /regenerator
20 verbose url resolving [ 'https://registry.npmjs.org/', './regenerator' ]
21 verbose url resolved https://registry.npmjs.org/regenerator
22 verbose request where is https://registry.npmjs.org/regenerator
23 info trying registry request attempt 1 at 15:23:21
24 http GET https://registry.npmjs.org/regenerator
25 http 200 https://registry.npmjs.org/regenerator
26 silly registry.get cb [ 200,
26 silly registry.get   { server: 'CouchDB/1.5.0 (Erlang OTP/R16B03)',
26 silly registry.get     etag: '"3OW1NBMGITQISQA8ARC1WT2TF"',
26 silly registry.get     'content-type': 'application/json',
26 silly registry.get     'cache-control': 'max-age=60',
26 silly registry.get     'content-length': '137208',
26 silly registry.get     'accept-ranges': 'bytes',
26 silly registry.get     date: 'Thu, 25 Jun 2015 22:23:22 GMT',
26 silly registry.get     via: '1.1 varnish',
26 silly registry.get     age: '0',
26 silly registry.get     connection: 'keep-alive',
26 silly registry.get     'x-served-by': 'cache-sjc3121-SJC',
26 silly registry.get     'x-cache': 'HIT',
26 silly registry.get     'x-cache-hits': '1',
26 silly registry.get     'x-timer': 'S1435271002.133596,VS0,VE35',
26 silly registry.get     vary: 'Accept' } ]
27 silly addNameRange number 2 { name: 'regenerator', range: '*', hasData: true }
28 silly addNameRange versions [ 'regenerator',
28 silly addNameRange   [ '0.1.0',
28 silly addNameRange     '0.1.1',
28 silly addNameRange     '0.1.2',
28 silly addNameRange     '0.1.3',
28 silly addNameRange     '0.1.4',
28 silly addNameRange     '0.1.5',
28 silly addNameRange     '0.1.6',
28 silly addNameRange     '0.1.7',
28 silly addNameRange     '0.2.0',
28 silly addNameRange     '0.2.1',
28 silly addNameRange     '0.2.2',
28 silly addNameRange     '0.2.3',
28 silly addNameRange     '0.2.4',
28 silly addNameRange     '0.2.5',
28 silly addNameRange     '0.2.6',
28 silly addNameRange     '0.2.7',
28 silly addNameRange     '0.2.8',
28 silly addNameRange     '0.2.9',
28 silly addNameRange     '0.2.10',
28 silly addNameRange     '0.2.11',
28 silly addNameRange     '0.3.0',
28 silly addNameRange     '0.3.1',
28 silly addNameRange     '0.3.2',
28 silly addNameRange     '0.3.3',
28 silly addNameRange     '0.3.4',
28 silly addNameRange     '0.3.5',
28 silly addNameRange     '0.3.6',
28 silly addNameRange     '0.3.7',
28 silly addNameRange     '0.3.8',
28 silly addNameRange     '0.3.9',
28 silly addNameRange     '0.4.0',
28 silly addNameRange     '0.4.1',
28 silly addNameRange     '0.4.2',
28 silly addNameRange     '0.4.3',
28 silly addNameRange     '0.4.4',
28 silly addNameRange     '0.4.5',
28 silly addNameRange     '0.4.6',
28 silly addNameRange     '0.4.7',
28 silly addNameRange     '0.4.8',
28 silly addNameRange     '0.4.9',
28 silly addNameRange     '0.4.10',
28 silly addNameRange     '0.4.11',
28 silly addNameRange     '0.4.12',
28 silly addNameRange     '0.5.0',
28 silly addNameRange     '0.5.3',
28 silly addNameRange     '0.5.2',
28 silly addNameRange     '0.5.1',
28 silly addNameRange     '0.6.0',
28 silly addNameRange     '0.6.1',
28 silly addNameRange     '0.6.2',
28 silly addNameRange     '0.6.3',
28 silly addNameRange     '0.6.4',
28 silly addNameRange     '0.6.5',
28 silly addNameRange     '0.6.6',
28 silly addNameRange     '0.6.7',
28 silly addNameRange     '0.6.8',
28 silly addNameRange     '0.6.9',
28 silly addNameRange     '0.6.10',
28 silly addNameRange     '0.7.0',
28 silly addNameRange     '0.7.1',
28 silly addNameRange     '0.7.2',
28 silly addNameRange     '0.7.3',
28 silly addNameRange     '0.7.4',
28 silly addNameRange     '0.7.5',
28 silly addNameRange     '0.7.6',
28 silly addNameRange     '0.7.7',
28 silly addNameRange     '0.7.8',
28 silly addNameRange     '0.8.0',
28 silly addNameRange     '0.8.1',
28 silly addNameRange     '0.8.2',
28 silly addNameRange     '0.8.3',
28 silly addNameRange     '0.8.4',
28 silly addNameRange     '0.8.5',
28 silly addNameRange     '0.8.6',
28 silly addNameRange     '0.8.7',
28 silly addNameRange     '0.8.8',
28 silly addNameRange     '0.8.9',
28 silly addNameRange     '0.8.10',
28 silly addNameRange     '0.8.11',
28 silly addNameRange     '0.8.12',
28 silly addNameRange     '0.8.13',
28 silly addNameRange     '0.8.14',
28 silly addNameRange     '0.8.15',
28 silly addNameRange     '0.8.16',
28 silly addNameRange     '0.8.17',
28 silly addNameRange     '0.8.18',
28 silly addNameRange     '0.8.19',
28 silly addNameRange     '0.8.20',
28 silly addNameRange     '0.8.21',
28 silly addNameRange     '0.8.22',
28 silly addNameRange     '0.8.23',
28 silly addNameRange     '0.8.24',
28 silly addNameRange     '0.8.25',
28 silly addNameRange     '0.8.26',
28 silly addNameRange     '0.8.27',
28 silly addNameRange     '0.8.28',
28 silly addNameRange     '0.8.29',
28 silly addNameRange     '0.8.30',
28 silly addNameRange     '0.8.31' ] ]
29 verbose addNamed [ 'regenerator', '0.8.31' ]
30 verbose addNamed [ '0.8.31', '0.8.31' ]
31 silly lockFile 7087ac42-regenerator-0-8-31 regenerator@0.8.31
32 verbose lock regenerator@0.8.31 /Users/dpletter/.npm/7087ac42-regenerator-0-8-31.lock
33 silly lockFile 98c8f5d1-generator-regenerator-0-8-31-tgz https://registry.npmjs.org/regenerator/-/regenerator-0.8.31.tgz
34 verbose lock https://registry.npmjs.org/regenerator/-/regenerator-0.8.31.tgz /Users/dpletter/.npm/98c8f5d1-generator-regenerator-0-8-31-tgz.lock
35 verbose addRemoteTarball [ 'https://registry.npmjs.org/regenerator/-/regenerator-0.8.31.tgz',
35 verbose addRemoteTarball   'd96e44be158e6c1c8a7fbbf440265088908730fe' ]
36 info retry fetch attempt 1 at 15:23:22
37 verbose fetch to= /var/folders/lk/85y2rkq57lsgwls13z_htm3w0000gn/T/npm-1618-yH318NAJ/registry.npmjs.org/regenerator/-/regenerator-0.8.31.tgz
38 http GET https://registry.npmjs.org/regenerator/-/regenerator-0.8.31.tgz
39 http 200 https://registry.npmjs.org/regenerator/-/regenerator-0.8.31.tgz
40 silly lockFile 98c8f5d1-generator-regenerator-0-8-31-tgz https://registry.npmjs.org/regenerator/-/regenerator-0.8.31.tgz
41 silly lockFile 98c8f5d1-generator-regenerator-0-8-31-tgz https://registry.npmjs.org/regenerator/-/regenerator-0.8.31.tgz
42 silly lockFile 7087ac42-regenerator-0-8-31 regenerator@0.8.31
43 silly lockFile 7087ac42-regenerator-0-8-31 regenerator@0.8.31
44 silly lockFile dc67e541-regenerator regenerator@
45 silly lockFile dc67e541-regenerator regenerator@
46 silly resolved [ { author: { name: 'Ben Newman', email: 'bn@cs.stanford.edu' },
46 silly resolved     name: 'regenerator',
46 silly resolved     description: 'Source transformer enabling ECMAScript 6 generator functions (yield) in JavaScript-of-today (ES5)',
46 silly resolved     keywords:
46 silly resolved      [ 'generator',
46 silly resolved        'yield',
46 silly resolved        'coroutine',
46 silly resolved        'rewriting',
46 silly resolved        'transformation',
46 silly resolved        'syntax',
46 silly resolved        'codegen',
46 silly resolved        'rewriting',
46 silly resolved        'refactoring',
46 silly resolved        'transpiler',
46 silly resolved        'desugaring',
46 silly resolved        'ES6' ],
46 silly resolved     version: '0.8.31',
46 silly resolved     homepage: 'http://github.com/facebook/regenerator',
46 silly resolved     repository:
46 silly resolved      { type: 'git',
46 silly resolved        url: 'git://github.com/facebook/regenerator.git' },
46 silly resolved     main: 'main.js',
46 silly resolved     bin: { regenerator: 'bin/regenerator' },
46 silly resolved     scripts: { test: 'node test/run.js' },
46 silly resolved     dependencies:
46 silly resolved      { commoner: '~0.10.0',
46 silly resolved        'esprima-fb': '~13001.1.0-dev-harmony-fb',
46 silly resolved        recast: '~0.10.3',
46 silly resolved        private: '~0.1.5',
46 silly resolved        through: '~2.3.6',
46 silly resolved        defs: '~1.1.0' },
46 silly resolved     devDependencies: { mocha: '~1.21.4', promise: '~6.0.1', semver: '~4.0.3' },
46 silly resolved     license: 'BSD',
46 silly resolved     engines: { node: '>= 0.6' },
46 silly resolved     gitHead: '470484c78d50fa98cb9f08cbec2ed3bc1fc8fcc0',
46 silly resolved     bugs: { url: 'https://github.com/facebook/regenerator/issues' },
46 silly resolved     _id: 'regenerator@0.8.31',
46 silly resolved     _shasum: 'd96e44be158e6c1c8a7fbbf440265088908730fe',
46 silly resolved     _from: 'regenerator@',
46 silly resolved     _npmVersion: '2.11.3',
46 silly resolved     _nodeVersion: '0.10.31',
46 silly resolved     _npmUser: { name: 'benjamn', email: 'bn@cs.stanford.edu' },
46 silly resolved     maintainers: [ [Object] ],
46 silly resolved     dist:
46 silly resolved      { shasum: 'd96e44be158e6c1c8a7fbbf440265088908730fe',
46 silly resolved        tarball: 'http://registry.npmjs.org/regenerator/-/regenerator-0.8.31.tgz' },
46 silly resolved     directories: {},
46 silly resolved     _resolved: 'https://registry.npmjs.org/regenerator/-/regenerator-0.8.31.tgz' } ]
47 info install regenerator@0.8.31 into /usr/local/lib
48 info installOne regenerator@0.8.31
49 verbose lib/node_modules/regenerator unbuild
50 verbose tar unpack /Users/dpletter/.npm/regenerator/0.8.31/package.tgz
51 silly lockFile 3971816c-cal-lib-node-modules-regenerator tar:///usr/local/lib/node_modules/regenerator
52 verbose lock tar:///usr/local/lib/node_modules/regenerator /Users/dpletter/.npm/3971816c-cal-lib-node-modules-regenerator.lock
53 silly lockFile 57896a79-m-regenerator-0-8-31-package-tgz tar:///Users/dpletter/.npm/regenerator/0.8.31/package.tgz
54 verbose lock tar:///Users/dpletter/.npm/regenerator/0.8.31/package.tgz /Users/dpletter/.npm/57896a79-m-regenerator-0-8-31-package-tgz.lock
55 silly gunzTarPerm modes [ '755', '644' ]
56 error Error: EACCES, mkdir '/usr/local/lib/node_modules/regenerator'
56 error  { [Error: EACCES, mkdir '/usr/local/lib/node_modules/regenerator']
56 error   errno: 3,
56 error   code: 'EACCES',
56 error   path: '/usr/local/lib/node_modules/regenerator',
56 error   fstream_type: 'Directory',
56 error   fstream_path: '/usr/local/lib/node_modules/regenerator',
56 error   fstream_class: 'DirWriter',
56 error   fstream_stack:
56 error    [ '/usr/local/lib/node_modules/npm/node_modules/fstream/lib/dir-writer.js:36:23',
56 error      '/usr/local/lib/node_modules/npm/node_modules/mkdirp/index.js:46:53',
56 error      'Object.oncomplete (fs.js:107:15)' ] }
57 error Please try running this command again as root/Administrator.
58 error System Darwin 14.4.0
59 error command "node" "/usr/local/bin/npm" "install" "-g" "regenerator"
60 error cwd /Users/dpletter/dev/chrome/cheddar
61 error node -v v0.10.32
62 error npm -v 1.4.28
63 error path /usr/local/lib/node_modules/regenerator
64 error fstream_path /usr/local/lib/node_modules/regenerator
65 error fstream_type Directory
66 error fstream_class DirWriter
67 error code EACCES
68 error errno 3
69 error stack Error: EACCES, mkdir '/usr/local/lib/node_modules/regenerator'
70 error fstream_stack /usr/local/lib/node_modules/npm/node_modules/fstream/lib/dir-writer.js:36:23
70 error fstream_stack /usr/local/lib/node_modules/npm/node_modules/mkdirp/index.js:46:53
70 error fstream_stack Object.oncomplete (fs.js:107:15)
71 verbose exit [ 3, true ]
